2025-03-04 07:18:13 - 
=== PROJECT STATEMENT ===
2025-03-04 07:18:13 - ---
description: About this project
globs:
---
# About this project

`twat-fs` is a file system utility library focused on robust and extensible file upload capabilities with multiple provider support. It provides:

- Multi-provider upload system with smart fallback (catbox.moe default, plus Dropbox, S3, etc.)
- Automatic retry for temporary failures, fallback for permanent ones
- URL validation and clean developer experience with type hints
- Simple CLI: `python -m twat_fs upload_file path/to/file.txt`
- Easy installation: `uv pip install twat-fs` (basic) or `uv pip install 'twat-fs[all,dev]'` (all features)

## Development Notes
- Uses `uv` for Python package management
- Quality tools: ruff, mypy, pytest
- Clear provider protocol for adding new storage backends
- Strong typing and runtime checks throughout

2025-03-04 07:18:13 - 
=== Current Status ===
2025-03-04 07:18:13 - Error: TODO.md is missing
2025-03-04 07:18:13 - [ 768]  .
â”œâ”€â”€ [  64]  .benchmarks
â”œâ”€â”€ [  96]  .cursor
â”‚Â Â  â””â”€â”€ [ 224]  rules
â”‚Â Â      â”œâ”€â”€ [ 821]  0project.mdc
â”‚Â Â      â”œâ”€â”€ [ 516]  cleanup.mdc
â”‚Â Â      â”œâ”€â”€ [1.6K]  filetree.mdc
â”‚Â Â      â””â”€â”€ [2.0K]  quality.mdc
â”œâ”€â”€ [  96]  .github
â”‚Â Â  â””â”€â”€ [ 128]  workflows
â”‚Â Â      â”œâ”€â”€ [2.7K]  push.yml
â”‚Â Â      â””â”€â”€ [1.4K]  release.yml
â”œâ”€â”€ [3.5K]  .gitignore
â”œâ”€â”€ [ 500]  .pre-commit-config.yaml
â”œâ”€â”€ [ 987]  CLEANUP.txt
â”œâ”€â”€ [1.0K]  LICENSE
â”œâ”€â”€ [2.5K]  LOG.md
â”œâ”€â”€ [2.9K]  README.md
â”œâ”€â”€ [   7]  VERSION.txt
â”œâ”€â”€ [ 13K]  cleanup.py
â”œâ”€â”€ [ 160]  dist
â”œâ”€â”€ [8.2K]  pyproject.toml
â”œâ”€â”€ [ 128]  src
â”‚Â Â  â””â”€â”€ [ 352]  twat_genai
â”‚Â Â      â”œâ”€â”€ [ 864]  __init__.py
â”‚Â Â      â”œâ”€â”€ [ 22K]  __main__.py
â”‚Â Â      â”œâ”€â”€ [1.1K]  __main___loras.json
â”‚Â Â      â”œâ”€â”€ [6.4K]  cli.py
â”‚Â Â      â”œâ”€â”€ [ 224]  core
â”‚Â Â      â”‚Â Â  â”œâ”€â”€ [1.7K]  config.py
â”‚Â Â      â”‚Â Â  â”œâ”€â”€ [1.3K]  image.py
â”‚Â Â      â”‚Â Â  â”œâ”€â”€ [1.3K]  models.py
â”‚Â Â      â”‚Â Â  â””â”€â”€ [8.0K]  prompt.py
â”‚Â Â      â””â”€â”€ [ 192]  engines
â”‚Â Â          â”œâ”€â”€ [1.7K]  base.py
â”‚Â Â          â””â”€â”€ [ 256]  fal
â”‚Â Â              â”œâ”€â”€ [3.3K]  __init__.py
â”‚Â Â              â”œâ”€â”€ [4.5K]  client.py
â”‚Â Â              â”œâ”€â”€ [3.2K]  config.py
â”‚Â Â              â”œâ”€â”€ [5.9K]  lora.py
â”‚Â Â              â””â”€â”€ [1.2K]  models.py
â””â”€â”€ [ 128]  tests
    â””â”€â”€ [ 154]  test_twat_genai.py

13 directories, 30 files

2025-03-04 07:18:13 - 
Project structure:
2025-03-04 07:18:13 - [ 768]  .
â”œâ”€â”€ [  64]  .benchmarks
â”œâ”€â”€ [  96]  .cursor
â”‚Â Â  â””â”€â”€ [ 224]  rules
â”‚Â Â      â”œâ”€â”€ [ 821]  0project.mdc
â”‚Â Â      â”œâ”€â”€ [ 516]  cleanup.mdc
â”‚Â Â      â”œâ”€â”€ [1.6K]  filetree.mdc
â”‚Â Â      â””â”€â”€ [2.0K]  quality.mdc
â”œâ”€â”€ [  96]  .github
â”‚Â Â  â””â”€â”€ [ 128]  workflows
â”‚Â Â      â”œâ”€â”€ [2.7K]  push.yml
â”‚Â Â      â””â”€â”€ [1.4K]  release.yml
â”œâ”€â”€ [3.5K]  .gitignore
â”œâ”€â”€ [ 500]  .pre-commit-config.yaml
â”œâ”€â”€ [ 987]  CLEANUP.txt
â”œâ”€â”€ [1.0K]  LICENSE
â”œâ”€â”€ [2.5K]  LOG.md
â”œâ”€â”€ [2.9K]  README.md
â”œâ”€â”€ [   7]  VERSION.txt
â”œâ”€â”€ [ 13K]  cleanup.py
â”œâ”€â”€ [ 160]  dist
â”œâ”€â”€ [8.2K]  pyproject.toml
â”œâ”€â”€ [ 128]  src
â”‚Â Â  â””â”€â”€ [ 352]  twat_genai
â”‚Â Â      â”œâ”€â”€ [ 864]  __init__.py
â”‚Â Â      â”œâ”€â”€ [ 22K]  __main__.py
â”‚Â Â      â”œâ”€â”€ [1.1K]  __main___loras.json
â”‚Â Â      â”œâ”€â”€ [6.4K]  cli.py
â”‚Â Â      â”œâ”€â”€ [ 224]  core
â”‚Â Â      â”‚Â Â  â”œâ”€â”€ [1.7K]  config.py
â”‚Â Â      â”‚Â Â  â”œâ”€â”€ [1.3K]  image.py
â”‚Â Â      â”‚Â Â  â”œâ”€â”€ [1.3K]  models.py
â”‚Â Â      â”‚Â Â  â””â”€â”€ [8.0K]  prompt.py
â”‚Â Â      â””â”€â”€ [ 192]  engines
â”‚Â Â          â”œâ”€â”€ [1.7K]  base.py
â”‚Â Â          â””â”€â”€ [ 256]  fal
â”‚Â Â              â”œâ”€â”€ [3.3K]  __init__.py
â”‚Â Â              â”œâ”€â”€ [4.5K]  client.py
â”‚Â Â              â”œâ”€â”€ [3.2K]  config.py
â”‚Â Â              â”œâ”€â”€ [5.9K]  lora.py
â”‚Â Â              â””â”€â”€ [1.2K]  models.py
â””â”€â”€ [ 128]  tests
    â””â”€â”€ [ 154]  test_twat_genai.py

13 directories, 30 files

2025-03-04 07:18:13 - On branch main
Your branch is up to date with 'origin/main'.

Changes not staged for commit:
  (use "git add <file>..." to update what will be committed)
  (use "git restore <file>..." to discard changes in working directory)
	modified:   .cursor/rules/filetree.mdc
	modified:   .pre-commit-config.yaml
	modified:   cleanup.py

Untracked files:
  (use "git add <file>..." to include in what will be committed)
	CLEANUP.txt

no changes added to commit (use "git add" and/or "git commit -a")

2025-03-04 07:18:13 - On branch main
Your branch is up to date with 'origin/main'.

Changes not staged for commit:
  (use "git add <file>..." to update what will be committed)
  (use "git restore <file>..." to discard changes in working directory)
	modified:   .cursor/rules/filetree.mdc
	modified:   .pre-commit-config.yaml
	modified:   cleanup.py

Untracked files:
  (use "git add <file>..." to include in what will be committed)
	CLEANUP.txt

no changes added to commit (use "git add" and/or "git commit -a")

2025-03-04 07:18:13 - 
=== Environment Status ===
2025-03-04 07:18:13 - Setting up virtual environment
2025-03-04 07:18:19 - Virtual environment created and activated
2025-03-04 07:18:19 - Installing package with all extras
2025-03-04 07:18:19 - Setting up virtual environment
2025-03-04 07:18:19 - Virtual environment created and activated
2025-03-04 07:18:22 - Package installed successfully
2025-03-04 07:18:22 - Running code quality checks
2025-03-04 07:18:22 - >>> Running code fixes...
2025-03-04 07:18:23 - src/twat_genai/__init__.py:3:23: F401 `importlib.metadata` imported but unused
  |
1 | """twat-genai: AI image generation package using fal.ai models."""
2 |
3 | from importlib import metadata
  |                       ^^^^^^^^ F401
4 |
5 | from twat_genai.__version__ import __version__
  |
  = help: Remove unused import: `importlib.metadata`

src/twat_genai/__main__.py:113:12: UP007 Use `X | Y` for type annotations
    |
111 | Prompts = list[str]
112 | FALModel = str
113 | FALLoras = Optional[list[str]]
    |            ^^^^^^^^^^^^^^^^^^^ UP007
114 | ImageSize = Union[ImageSizes, ImageSizeWH]
115 | OutputDir = Optional[Path]
    |
    = help: Convert to `X | Y`

src/twat_genai/__main__.py:114:13: UP007 Use `X | Y` for type annotations
    |
112 | FALModel = str
113 | FALLoras = Optional[list[str]]
114 | ImageSize = Union[ImageSizes, ImageSizeWH]
    |             ^^^^^^^^^^^^^^^^^^^^^^^^^^^^^^ UP007
115 | OutputDir = Optional[Path]
116 | GuidanceScale = float
    |
    = help: Convert to `X | Y`

src/twat_genai/__main__.py:115:13: UP007 Use `X | Y` for type annotations
    |
113 | FALLoras = Optional[list[str]]
114 | ImageSize = Union[ImageSizes, ImageSizeWH]
115 | OutputDir = Optional[Path]
    |             ^^^^^^^^^^^^^^ UP007
116 | GuidanceScale = float
117 | NumInferenceSteps = int
    |
    = help: Convert to `X | Y`

src/twat_genai/__main__.py:207:13: B904 Within an `except` clause, raise exceptions with `raise ... from err` or `raise ... from None` to distinguish them from errors in exception handling
    |
205 |         except ValueError:
206 |             msg = f"Invalid scale value in Lora phrase: {phrase}"
207 |             raise ValueError(msg)
    |             ^^^^^^^^^^^^^^^^^^^^^ B904
208 |     else:
209 |         identifier = phrase
    |

src/twat_genai/__main__.py:214:5: C901 `normalize_lora_spec` is too complex (11 > 10)
    |
214 | def normalize_lora_spec(
    |     ^^^^^^^^^^^^^^^^^^^ C901
215 |     spec: str | list | tuple | None,
216 | ) -> list[LoraSpecEntry | CombinedLoraSpecEntry]:
    |

src/twat_genai/__main__.py:434:11: PLR0913 Too many arguments in function definition (6 > 5)
    |
434 | async def get_result(
    |           ^^^^^^^^^^ PLR0913
435 |     request_id: RequestID,
436 |     output_dir: OutputDir = None,
    |

src/twat_genai/__main__.py:455:41: DTZ005 `datetime.datetime.now()` called without a `tz` argument
    |
453 |         )
454 |     result = await fal_client.result_async("fal-ai/flux-lora", request_id)
455 |     timestamp = result.get("timestamp", datetime.now().strftime("%Y%m%d_%H%M%S"))
    |                                         ^^^^^^^^^^^^^^ DTZ005
456 |     image_info = result["images"][0]
457 |     content_type = image_info.get("content_type", "image/jpeg")
    |
    = help: Pass a `datetime.timezone` object to the `tz` parameter

src/twat_genai/__main__.py:469:34: PLR2004 Magic value used in comparison, consider replacing `2` with a constant variable
    |
467 |             filename_prefix = (
468 |                 "_".join(words[:2]).lower() + "_"
469 |                 if len(words) >= 2
    |                                  ^ PLR2004
470 |                 else (words[0] + "_")
471 |                 if words
    |

src/twat_genai/__main__.py:564:11: C901 `async_main` is too complex (11 > 10)
    |
564 | async def async_main(
    |           ^^^^^^^^^^ C901
565 |     prompts: str | list[str],
566 |     output_dir: str | Path = "generated_images",
    |

src/twat_genai/__main__.py:564:11: PLR0913 Too many arguments in function definition (10 > 5)
    |
564 | async def async_main(
    |           ^^^^^^^^^^ PLR0913
565 |     prompts: str | list[str],
566 |     output_dir: str | Path = "generated_images",
    |

src/twat_genai/__main__.py:624:13: B904 Within an `except` clause, raise exceptions with `raise ... from err` or `raise ... from None` to distinguish them from errors in exception handling
    |
622 |                 f"image_size must be one of: {valid_names} or in 'width,height' format."
623 |             )
624 |             raise ValueError(msg)
    |             ^^^^^^^^^^^^^^^^^^^^^ B904
625 |     output_dir_path = Path(output_dir)
626 |     output_dir_path.mkdir(parents=True, exist_ok=True)
    |

src/twat_genai/cli.py:38:9: B904 Within an `except` clause, raise exceptions with `raise ... from err` or `raise ... from None` to distinguish them from errors in exception handling
   |
36 |         valid_names = ", ".join(s.name for s in ImageSizes)
37 |         msg = f"image_size must be one of: {valid_names} or in 'width,height' format."
38 |         raise ValueError(msg)
   |         ^^^^^^^^^^^^^^^^^^^^^ B904
   |

src/twat_genai/cli.py:59:11: PLR0913 Too many arguments in function definition (10 > 5)
   |
59 | async def async_main(
   |           ^^^^^^^^^^ PLR0913
60 |     prompts: str | list[str],
61 |     output_dir: str | Path = "generated_images",
   |

src/twat_genai/cli.py:118:5: PLR0913 Too many arguments in function definition (14 > 5)
    |
118 | def cli(
    |     ^^^ PLR0913
119 |     prompts: str | list[str],
120 |     output_dir: str | Path = "generated_images",
    |

src/twat_genai/cli.py:132:5: FBT001 Boolean-typed positional argument in function definition
    |
130 |     guidance_scale: float = 3.5,
131 |     num_inference_steps: int = 28,
132 |     verbose: bool = False,
    |     ^^^^^^^ FBT001
133 | ) -> list[ImageResult]:
134 |     """
    |

src/twat_genai/cli.py:132:5: FBT002 Boolean default positional argument in function definition
    |
130 |     guidance_scale: float = 3.5,
131 |     num_inference_steps: int = 28,
132 |     verbose: bool = False,
    |     ^^^^^^^ FBT002
133 | ) -> list[ImageResult]:
134 |     """
    |

src/twat_genai/cli.py:165:13: B904 Within an `except` clause, raise exceptions with `raise ... from err` or `raise ... from None` to distinguish them from errors in exception handling
    |
163 |             valid_models = ", ".join(m.name.lower() for m in ModelTypes)
164 |             msg = f"Invalid model type. Must be one of: {valid_models}"
165 |             raise ValueError(msg)
    |             ^^^^^^^^^^^^^^^^^^^^^ B904
166 |
167 |     image_config = None
    |

src/twat_genai/core/config.py:19:13: UP007 Use `X | Y` for type annotations
   |
17 | # Type aliases
18 | Prompts = list[str]
19 | OutputDir = Optional[Path]
   |             ^^^^^^^^^^^^^^ UP007
20 | GuidanceScale = float
21 | NumInferenceSteps = int
   |
   = help: Convert to `X | Y`

src/twat_genai/core/image.py:40:5: A002 Function argument `format` is shadowing a Python builtin
   |
38 |     image: Image.Image,
39 |     output_path: Path,
40 |     format: ImageFormats = ImageFormats.JPG,
   |     ^^^^^^ A002
41 |     quality: int = 95,
42 | ) -> None:
   |

src/twat_genai/core/models.py:65:13: UP007 Use `X | Y` for type annotations
   |
64 | # Type aliases
65 | ImageSize = Union[ImageSizes, ImageSizeWH]
   |             ^^^^^^^^^^^^^^^^^^^^^^^^^^^^^^ UP007
66 | OutputDir = Optional[Path]
   |
   = help: Convert to `X | Y`

src/twat_genai/core/models.py:66:13: UP007 Use `X | Y` for type annotations
   |
64 | # Type aliases
65 | ImageSize = Union[ImageSizes, ImageSizeWH]
66 | OutputDir = Optional[Path]
   |             ^^^^^^^^^^^^^^ UP007
   |
   = help: Convert to `X | Y`

src/twat_genai/core/prompt.py:125:5: C901 `expand_permutations` is too complex (14 > 10)
    |
125 | def expand_permutations(prompt: str) -> list[str]:
    |     ^^^^^^^^^^^^^^^^^^^ C901
126 |     """Expand permutation groups in prompt into all combinations."""
127 |     if PERMUTATION_START not in prompt:
    |

src/twat_genai/core/prompt.py:125:5: PLR0912 Too many branches (14 > 12)
    |
125 | def expand_permutations(prompt: str) -> list[str]:
    |     ^^^^^^^^^^^^^^^^^^^ PLR0912
126 |     """Expand permutation groups in prompt into all combinations."""
127 |     if PERMUTATION_START not in prompt:
    |

src/twat_genai/core/prompt.py:210:9: PLW2901 `for` loop variable `part` overwritten by assignment target
    |
208 |     parts = []
209 |     for part in text.split(MULTI_PROMPT_SEPARATOR):
210 |         part = part.strip()
    |         ^^^^ PLW2901
211 |         if not part:
212 |             continue
    |

src/twat_genai/engines/base.py:14:1: TID252 Prefer absolute imports over relative imports from parent modules
   |
12 | from pydantic import BaseModel
13 |
14 | from ..core.image import ImageSizes
   | ^^^^^^^^^^^^^^^^^^^^^^^^^^^^^^^^^^^ TID252
15 |
16 | if TYPE_CHECKING:
   |
   = help: Replace relative imports from parent modules with absolute imports

src/twat_genai/engines/base.py:17:5: TID252 Prefer absolute imports over relative imports from parent modules
   |
16 | if TYPE_CHECKING:
17 |     from ..core.config import ImageResult, ImageSizeWH
   |     ^^^^^^^^^^^^^^^^^^^^^^^^^^^^^^^^^^^^^^^^^^^^^^^^^^ TID252
   |
   = help: Replace relative imports from parent modules with absolute imports

src/twat_genai/engines/base.py:17:5: TID252 Prefer absolute imports over relative imports from parent modules
   |
16 | if TYPE_CHECKING:
17 |     from ..core.config import ImageResult, ImageSizeWH
   |     ^^^^^^^^^^^^^^^^^^^^^^^^^^^^^^^^^^^^^^^^^^^^^^^^^^ TID252
   |
   = help: Replace relative imports from parent modules with absolute imports

src/twat_genai/engines/fal/__init__.py:10:1: UP035 `typing.Dict` is deprecated, use `dict` instead
   |
 9 | import os
10 | from typing import TYPE_CHECKING, Any, Dict, Optional
   | ^^^^^^^^^^^^^^^^^^^^^^^^^^^^^^^^^^^^^^^^^^^^^^^^^^^^^ UP035
11 |
12 | from dotenv import load_dotenv
   |

src/twat_genai/engines/fal/__init__.py:10:40: F401 `typing.Dict` imported but unused
   |
 9 | import os
10 | from typing import TYPE_CHECKING, Any, Dict, Optional
   |                                        ^^^^ F401
11 |
12 | from dotenv import load_dotenv
   |
   = help: Remove unused import

src/twat_genai/engines/fal/__init__.py:10:46: F401 `typing.Optional` imported but unused
   |
 9 | import os
10 | from typing import TYPE_CHECKING, Any, Dict, Optional
   |                                              ^^^^^^^^ F401
11 |
12 | from dotenv import load_dotenv
   |
   = help: Remove unused import

src/twat_genai/engines/fal/__init__.py:14:38: F401 `fal.config.ImageToImageConfig` imported but unused; consider removing, adding to `__all__`, or using a redundant alias
   |
12 | from dotenv import load_dotenv
13 | from fal.client import get_result, submit_job
14 | from fal.config import FALJobConfig, ImageToImageConfig, ModelTypes
   |                                      ^^^^^^^^^^^^^^^^^^ F401
15 | from loguru import logger
   |
   = help: Use an explicit re-export: `ImageToImageConfig as ImageToImageConfig`

src/twat_genai/engines/fal/__init__.py:15:20: F401 `loguru.logger` imported but unused
   |
13 | from fal.client import get_result, submit_job
14 | from fal.config import FALJobConfig, ImageToImageConfig, ModelTypes
15 | from loguru import logger
   |                    ^^^^^^ F401
16 |
17 | from ..base import EngineConfig, ImageGenerationEngine
   |
   = help: Remove unused import: `loguru.logger`

src/twat_genai/engines/fal/__init__.py:17:1: TID252 Prefer absolute imports over relative imports from parent modules
   |
15 | from loguru import logger
16 |
17 | from ..base import EngineConfig, ImageGenerationEngine
   | ^^^^^^^^^^^^^^^^^^^^^^^^^^^^^^^^^^^^^^^^^^^^^^^^^^^^^^ TID252
18 |
19 | if TYPE_CHECKING:
   |
   = help: Replace relative imports from parent modules with absolute imports

src/twat_genai/engines/fal/__init__.py:17:1: TID252 Prefer absolute imports over relative imports from parent modules
   |
15 | from loguru import logger
16 |
17 | from ..base import EngineConfig, ImageGenerationEngine
   | ^^^^^^^^^^^^^^^^^^^^^^^^^^^^^^^^^^^^^^^^^^^^^^^^^^^^^^ TID252
18 |
19 | if TYPE_CHECKING:
   |
   = help: Replace relative imports from parent modules with absolute imports

src/twat_genai/engines/fal/__init__.py:22:5: TID252 Prefer absolute imports over relative imports from parent modules
   |
20 |     from pathlib import Path
21 |
22 |     from ...core.config import ImageResult
   |     ^^^^^^^^^^^^^^^^^^^^^^^^^^^^^^^^^^^^^^ TID252
23 |
24 | load_dotenv()
   |
   = help: Replace relative imports from parent modules with absolute imports

src/twat_genai/engines/fal/client.py:17:1: TID252 Prefer absolute imports over relative imports from parent modules
   |
15 | from loguru import logger
16 |
17 | from ...core.config import ImageResult
   | ^^^^^^^^^^^^^^^^^^^^^^^^^^^^^^^^^^^^^^ TID252
18 |
19 | if TYPE_CHECKING:
   |
   = help: Replace relative imports from parent modules with absolute imports

src/twat_genai/engines/fal/client.py:56:11: PLR0913 Too many arguments in function definition (6 > 5)
   |
56 | async def get_result(
   |           ^^^^^^^^^^ PLR0913
57 |     request_id: str,
58 |     output_dir: Path | None = None,
   |

src/twat_genai/engines/fal/client.py:88:41: DTZ005 `datetime.datetime.now()` called without a `tz` argument
   |
87 |     result = await fal_client.result_async("fal-ai/flux-lora", request_id)
88 |     timestamp = result.get("timestamp", datetime.now().strftime("%Y%m%d_%H%M%S"))
   |                                         ^^^^^^^^^^^^^^ DTZ005
89 |     image_info = result["images"][0]
90 |     image_url = image_info["url"]
   |
   = help: Pass a `datetime.timezone` object to the `tz` parameter

src/twat_genai/engines/fal/config.py:15:1: TID252 Prefer absolute imports over relative imports from parent modules
   |
13 | from pydantic import BaseModel, RootModel, model_validator
14 |
15 | from ...core.config import ImageInput
   | ^^^^^^^^^^^^^^^^^^^^^^^^^^^^^^^^^^^^^ TID252
16 |
17 | if TYPE_CHECKING:
   |
   = help: Replace relative imports from parent modules with absolute imports

src/twat_genai/engines/fal/lora.py:82:13: B904 Within an `except` clause, raise exceptions with `raise ... from err` or `raise ... from None` to distinguish them from errors in exception handling
   |
80 |         except ValueError:
81 |             msg = f"Invalid scale value in LoRA phrase: {phrase}"
82 |             raise ValueError(msg)
   |             ^^^^^^^^^^^^^^^^^^^^^ B904
83 |     else:
84 |         identifier = phrase
   |

src/twat_genai/engines/fal/lora.py:90:5: C901 `normalize_lora_spec` is too complex (11 > 10)
   |
90 | def normalize_lora_spec(
   |     ^^^^^^^^^^^^^^^^^^^ C901
91 |     spec: str | list | tuple | None,
92 | ) -> list[LoraSpecEntry | CombinedLoraSpecEntry]:
   |

src/twat_genai/engines/fal/models.py:12:1: TID252 Prefer absolute imports over relative imports from parent modules
   |
10 | import fal_client
11 |
12 | from ...core.config import ImageInput
   | ^^^^^^^^^^^^^^^^^^^^^^^^^^^^^^^^^^^^^ TID252
   |
   = help: Replace relative imports from parent modules with absolute imports

Found 43 errors.

2025-03-04 07:18:23 - 14 files left unchanged

2025-03-04 07:18:23 - >>>Running type checks...
2025-03-04 07:19:28 - src/twat_genai/engines/fal/lora.py:11: error: Cannot find implementation or library stub for module named "fal.config"  [import-not-found]
src/twat_genai/engines/fal/lora.py:13: error: Skipping analyzing "twat.paths": module is installed, but missing library stubs or py.typed marker  [import-untyped]
src/twat_genai/engines/fal/lora.py:114: error: Class "builtins.dict[Any, Any]" has no attribute "path"  [misc]
src/twat_genai/engines/fal/lora.py:114: error: Class "builtins.dict[Any, Any]" has no attribute "scale"  [misc]
src/twat_genai/engines/fal/lora.py:114: error: Class "builtins.dict[Any, Any]" has no attribute "prompt"  [misc]
src/twat_genai/engines/fal/lora.py:147: error: Statement is unreachable  [unreachable]
src/twat_genai/core/prompt.py:104: error: Need type annotation for "current" (hint: "current: list[<type>] = ...")  [var-annotated]
src/twat_genai/core/prompt.py:156: error: Need type annotation for "current" (hint: "current: list[<type>] = ...")  [var-annotated]
src/twat_genai/engines/fal/config.py:12: error: Cannot find implementation or library stub for module named "fal.models"  [import-not-found]
src/twat_genai/engines/fal/config.py:94: error: Cannot find implementation or library stub for module named "fal.lora"  [import-not-found]
src/twat_genai/engines/fal/__init__.py:13: error: Cannot find implementation or library stub for module named "fal.client"  [import-not-found]
src/twat_genai/engines/fal/__init__.py:13: note: See https://mypy.readthedocs.io/en/stable/running_mypy.html#missing-imports
src/twat_genai/engines/fal/__init__.py:14: error: Cannot find implementation or library stub for module named "fal.config"  [import-not-found]
src/twat_genai/engines/fal/__init__.py:103: error: Returning Any from function declared to return "ImageResult"  [no-any-return]
src/twat_genai/cli.py:13: error: Skipping analyzing "fire": module is installed, but missing library stubs or py.typed marker  [import-untyped]
src/twat_genai/cli.py:15: error: Skipping analyzing "twat.paths": module is installed, but missing library stubs or py.typed marker  [import-untyped]
src/twat_genai/cli.py:54: error: Returning Any from function declared to return "Path"  [no-any-return]
src/twat_genai/__init__.py:9: error: Module "twat_genai.core.prompt" has no attribute "expand_prompts"  [attr-defined]
tests/test_twat_genai.py:4: error: Function is missing a return type annotation  [no-untyped-def]
tests/test_twat_genai.py:4: note: Use "-> None" if function does not return a value
src/twat_genai/__main__.py:20: error: Skipping analyzing "fire": module is installed, but missing library stubs or py.typed marker  [import-untyped]
src/twat_genai/__main__.py:199: error: Argument "entries" to "CombinedLoraSpecEntry" has incompatible type "list[LoraSpecEntry]"; expected "list[LoraSpecEntry | CombinedLoraSpecEntry]"  [arg-type]
src/twat_genai/__main__.py:199: note: "List" is invariant -- see https://mypy.readthedocs.io/en/stable/common_issues.html#variance
src/twat_genai/__main__.py:199: note: Consider using "Sequence" instead, which is covariant
src/twat_genai/__main__.py:233: error: Class "builtins.dict[Any, Any]" has no attribute "path"  [misc]
src/twat_genai/__main__.py:233: error: Class "builtins.dict[Any, Any]" has no attribute "scale"  [misc]
src/twat_genai/__main__.py:233: error: Class "builtins.dict[Any, Any]" has no attribute "prompt"  [misc]
src/twat_genai/__main__.py:266: error: Statement is unreachable  [unreachable]
src/twat_genai/__main__.py:309: error: Need type annotation for "buf" (hint: "buf: list[<type>] = ...")  [var-annotated]
src/twat_genai/__main__.py:537: error: Right operand of "and" is never evaluated  [unreachable]
src/twat_genai/__main__.py:538: error: Statement is unreachable  [unreachable]
src/twat_genai/__main__.py:608: error: List item 0 has incompatible type "None"; expected "str | list[Any]"  [list-item]
src/twat_genai/engines/fal/client.py:22: error: Cannot find implementation or library stub for module named "fal.config"  [import-not-found]
Found 29 errors in 9 files (checked 15 source files)

2025-03-04 07:19:28 - >>> Running tests...
2025-03-04 07:19:30 - ============================= test session starts ==============================
platform darwin -- Python 3.12.8, pytest-8.3.5, pluggy-1.5.0 -- /Users/adam/Developer/vcs/github.twardoch/pub/twat-packages/_good/twat/plugins/repos/twat_genai/.venv/bin/python
cachedir: .pytest_cache
benchmark: 5.1.0 (defaults: timer=time.perf_counter disable_gc=False min_rounds=5 min_time=0.000005 max_time=1.0 calibration_precision=10 warmup=False warmup_iterations=100000)
rootdir: /Users/adam/Developer/vcs/github.twardoch/pub/twat-packages/_good/twat/plugins/repos/twat_genai
configfile: pyproject.toml
plugins: cov-6.0.0, anyio-4.8.0, benchmark-5.1.0, xdist-3.6.1
collecting ... collected 1 item

tests/test_twat_genai.py::test_version FAILED                            [100%]

=================================== FAILURES ===================================
_________________________________ test_version _________________________________

    def test_version():
        """Verify package exposes version."""
>       import twat_genai

tests/test_twat_genai.py:6: 
_ _ _ _ _ _ _ _ _ _ _ _ _ _ _ _ _ _ _ _ _ _ _ _ _ _ _ _ _ _ _ _ _ _ _ _ _ _ _ _ 
src/twat_genai/__init__.py:6: in <module>
    from twat_genai.cli import cli
_ _ _ _ _ _ _ _ _ _ _ _ _ _ _ _ _ _ _ _ _ _ _ _ _ _ _ _ _ _ _ _ _ _ _ _ _ _ _ _ 

    #!/usr/bin/env -S uv run
    # /// script
    # dependencies = ["fire", "loguru"]
    # ///
    """Command-line interface for twat-genai."""
    
    from __future__ import annotations
    
    import asyncio
    import sys
    from pathlib import Path
    
    import fire
    from loguru import logger
>   from twat.paths import PathManager
E   ModuleNotFoundError: No module named 'twat.paths'

src/twat_genai/cli.py:15: ModuleNotFoundError
=========================== short test summary info ============================
FAILED tests/test_twat_genai.py::test_version - ModuleNotFoundError: No modul...
============================== 1 failed in 0.47s ===============================

2025-03-04 07:19:30 - All checks completed
2025-03-04 07:19:30 -  M .cursor/rules/filetree.mdc
 M .pre-commit-config.yaml
 M cleanup.py
?? CLEANUP.txt

2025-03-04 07:19:30 - Changes detected in repository
2025-03-04 07:19:31 - [main f732c74] Update repository files
 4 files changed, 693 insertions(+), 20 deletions(-)
 create mode 100644 CLEANUP.txt

2025-03-04 07:19:31 - Changes committed successfully
2025-03-04 07:19:33 - 
ğŸ“¦ Repomix v0.2.29

No custom config found at repomix.config.json or global config at /Users/adam/.config/repomix/repomix.config.json.
You can add a config file for additional settings. Please check https://github.com/yamadashy/repomix for more information.
â ™ Searching for files...
[2K[1A[2K[Gâ ¹ Collecting files...
[2K[1A[2K[Gâ ¸ Collecting files...
[2K[1A[2K[Gâ ¼ Collect file... (2/28) .cursor/rules/cleanup.mdc
[2K[1A[2K[Gâ ´ Running security check...
[2K[1A[2K[Gâ ¦ Running security check...
[2K[1A[2K[Gâ § Processing files...
[2K[1A[2K[Gâ ‡ Processing files...
[2K[1A[2K[Gâ  Processing file... (6/28) .github/workflows/release.yml
[2K[1A[2K[Gâ ‹ Processing file... (11/28) src/twat_genai/engines/fal/__init__.py
[2K[1A[2K[Gâ ™ Writing output file...
[2K[1A[2K[Gâ ¹ Calculating metrics...
[2K[1A[2K[Gâ ¸ Calculating metrics...
[2K[1A[2K[Gâ ¼ Calculating metrics...
[2K[1A[2K[Gâ ´ Calculating metrics...
[2K[1A[2K[Gâ ¦ Calculating metrics...
[2K[1A[2K[Gâ § Calculating metrics...
[2K[1A[2K[Gâœ” Packing completed successfully!

ğŸ“ˆ Top 5 Files by Character Count and Token Count:
â”€â”€â”€â”€â”€â”€â”€â”€â”€â”€â”€â”€â”€â”€â”€â”€â”€â”€â”€â”€â”€â”€â”€â”€â”€â”€â”€â”€â”€â”€â”€â”€â”€â”€â”€â”€â”€â”€â”€â”€â”€â”€â”€â”€â”€â”€â”€â”€â”€â”€
1.  pyproject.toml (8,397 chars, 2,382 tokens)
2.  src/twat_genai/__main__.py (7,242 chars, 1,618 tokens)
3.  cleanup.py (5,977 chars, 1,344 tokens)
4.  .gitignore (3,633 chars, 1,391 tokens)
5.  src/twat_genai/core/prompt.py (3,251 chars, 726 tokens)

ğŸ” Security Check:
â”€â”€â”€â”€â”€â”€â”€â”€â”€â”€â”€â”€â”€â”€â”€â”€â”€â”€
âœ” No suspicious files detected.

ğŸ“Š Pack Summary:
â”€â”€â”€â”€â”€â”€â”€â”€â”€â”€â”€â”€â”€â”€â”€â”€
  Total Files: 28 files
  Total Chars: 57,809 chars
 Total Tokens: 14,568 tokens
       Output: REPO_CONTENT.txt
     Security: âœ” No suspicious files detected

ğŸ‰ All Done!
Your repository has been successfully packed.

ğŸ’¡ Repomix is now available in your browser! Try it at https://repomix.com

2025-03-04 07:19:33 - Repository content mixed into REPO_CONTENT.txt
